INFO:  Loaded 1 plugins
INFO:  JVM info: Azul Systems, Inc. - 17.0.1 - 17.0.1+12-LTS
INFO:  Scanning classes from Java runtime /home/jaidaken/optizomb/build-41/vanilla-game-41/projectzomboid/jre64
INFO:  Scanning classes from module java.base@17.0.1
INFO:  Scanning classes from module java.compiler@17.0.1
INFO:  Scanning classes from module java.datatransfer@17.0.1
INFO:  Scanning classes from module java.desktop@17.0.1
INFO:  Scanning classes from module java.instrument@17.0.1
INFO:  Scanning classes from module java.logging@17.0.1
INFO:  Scanning classes from module java.management@17.0.1
INFO:  Scanning classes from module java.management.rmi@17.0.1
INFO:  Scanning classes from module java.naming@17.0.1
INFO:  Scanning classes from module java.net.http@17.0.1
INFO:  Scanning classes from module java.prefs@17.0.1
INFO:  Scanning classes from module java.rmi@17.0.1
INFO:  Scanning classes from module java.scripting@17.0.1
INFO:  Scanning classes from module java.se@17.0.1
INFO:  Scanning classes from module java.security.jgss@17.0.1
INFO:  Scanning classes from module java.security.sasl@17.0.1
INFO:  Scanning classes from module java.smartcardio@17.0.1
INFO:  Scanning classes from module java.sql@17.0.1
INFO:  Scanning classes from module java.sql.rowset@17.0.1
INFO:  Scanning classes from module java.transaction.xa@17.0.1
INFO:  Scanning classes from module java.xml@17.0.1
INFO:  Scanning classes from module java.xml.crypto@17.0.1
INFO:  Scanning classes from module jdk.accessibility@17.0.1
INFO:  Scanning classes from module jdk.charsets@17.0.1
INFO:  Scanning classes from module jdk.crypto.cryptoki@17.0.1
INFO:  Scanning classes from module jdk.crypto.ec@17.0.1
INFO:  Scanning classes from module jdk.dynalink@17.0.1
INFO:  Scanning classes from module jdk.httpserver@17.0.1
INFO:  Scanning classes from module jdk.incubator.foreign@17.0.1
INFO:  Scanning classes from module jdk.incubator.vector@17.0.1
INFO:  Scanning classes from module jdk.internal.vm.ci@17.0.1
INFO:  Scanning classes from module jdk.internal.vm.compiler@17.0.1
INFO:  Scanning classes from module jdk.internal.vm.compiler.management@17.0.1
INFO:  Scanning classes from module jdk.jdwp.agent@17.0.1
INFO:  Scanning classes from module jdk.jfr@17.0.1
INFO:  Scanning classes from module jdk.jsobject@17.0.1
INFO:  Scanning classes from module jdk.localedata@17.0.1
INFO:  Scanning classes from module jdk.management@17.0.1
INFO:  Scanning classes from module jdk.management.agent@17.0.1
INFO:  Scanning classes from module jdk.management.jfr@17.0.1
INFO:  Scanning classes from module jdk.naming.dns@17.0.1
INFO:  Scanning classes from module jdk.naming.rmi@17.0.1
INFO:  Scanning classes from module jdk.net@17.0.1
INFO:  Scanning classes from module jdk.nio.mapmode@17.0.1
INFO:  Scanning classes from module jdk.random@17.0.1
INFO:  Scanning classes from module jdk.sctp@17.0.1
INFO:  Scanning classes from module jdk.security.auth@17.0.1
INFO:  Scanning classes from module jdk.security.jgss@17.0.1
INFO:  Scanning classes from module jdk.unsupported@17.0.1
INFO:  Scanning classes from module jdk.xml.dom@17.0.1
INFO:  Scanning classes from module jdk.zipfs@17.0.1
INFO:  Scanning classes from Project Zomboid (inverted: false): /home/jaidaken/optizomb/build-41/vanilla-game-41/projectzomboid
INFO:  Loading Class: zombie/core/raknet/RakNetPeerInterface from Project Zomboid (inverted: false): /home/jaidaken/optizomb/build-41/vanilla-game-41/projectzomboid
INFO:  Loading Class: zombie/core/raknet/UdpConnection$MPClientStatistic from Project Zomboid (inverted: false): /home/jaidaken/optizomb/build-41/vanilla-game-41/projectzomboid
INFO:  Loading Class: zombie/core/raknet/FMODTest from Project Zomboid (inverted: false): /home/jaidaken/optizomb/build-41/vanilla-game-41/projectzomboid
INFO:  Loading Class: zombie/core/raknet/TestClient from Project Zomboid (inverted: false): /home/jaidaken/optizomb/build-41/vanilla-game-41/projectzomboid
INFO:  Loading Class: zombie/core/raknet/UdpConnection$ChecksumState from Project Zomboid (inverted: false): /home/jaidaken/optizomb/build-41/vanilla-game-41/projectzomboid
INFO:  Loading Class: zombie/core/raknet/VoiceManager$2 from Project Zomboid (inverted: false): /home/jaidaken/optizomb/build-41/vanilla-game-41/projectzomboid
INFO:  Loading Class: zombie/core/raknet/VoiceTest$2 from Project Zomboid (inverted: false): /home/jaidaken/optizomb/build-41/vanilla-game-41/projectzomboid
INFO:  Loading Class: zombie/core/raknet/VoiceTest from Project Zomboid (inverted: false): /home/jaidaken/optizomb/build-41/vanilla-game-41/projectzomboid
INFO:  Loading Class: zombie/core/raknet/VoiceManagerData$RadioData from Project Zomboid (inverted: false): /home/jaidaken/optizomb/build-41/vanilla-game-41/projectzomboid
INFO:  Loading Class: zombie/core/raknet/VoiceManager$4 from Project Zomboid (inverted: false): /home/jaidaken/optizomb/build-41/vanilla-game-41/projectzomboid
INFO:  Loading Class: zombie/core/raknet/UdpConnection from Project Zomboid (inverted: false): /home/jaidaken/optizomb/build-41/vanilla-game-41/projectzomboid
INFO:  Loading Class: zombie/core/raknet/RakVoice from Project Zomboid (inverted: false): /home/jaidaken/optizomb/build-41/vanilla-game-41/projectzomboid
INFO:  Loading Class: zombie/core/raknet/TestServer from Project Zomboid (inverted: false): /home/jaidaken/optizomb/build-41/vanilla-game-41/projectzomboid
INFO:  Loading Class: zombie/core/raknet/UdpConnection$ConnectionType from Project Zomboid (inverted: false): /home/jaidaken/optizomb/build-41/vanilla-game-41/projectzomboid
INFO:  Loading Class: zombie/core/raknet/UdpEngine from Project Zomboid (inverted: false): /home/jaidaken/optizomb/build-41/vanilla-game-41/projectzomboid
INFO:  Loading Class: zombie/core/raknet/VoiceManager$1 from Project Zomboid (inverted: false): /home/jaidaken/optizomb/build-41/vanilla-game-41/projectzomboid
INFO:  Loading Class: zombie/core/raknet/VoiceManager$3 from Project Zomboid (inverted: false): /home/jaidaken/optizomb/build-41/vanilla-game-41/projectzomboid
INFO:  Loading Class: zombie/core/raknet/VoiceManagerData from Project Zomboid (inverted: false): /home/jaidaken/optizomb/build-41/vanilla-game-41/projectzomboid
INFO:  Loading Class: zombie/core/raknet/VoiceTest$1 from Project Zomboid (inverted: false): /home/jaidaken/optizomb/build-41/vanilla-game-41/projectzomboid
INFO:  Loading Class: zombie/core/raknet/VoiceDebug from Project Zomboid (inverted: false): /home/jaidaken/optizomb/build-41/vanilla-game-41/projectzomboid
INFO:  Loading Class: zombie/core/raknet/VoiceManagerData$VoiceDataSource from Project Zomboid (inverted: false): /home/jaidaken/optizomb/build-41/vanilla-game-41/projectzomboid
INFO:  Loading Class: zombie/core/raknet/VoiceManager from Project Zomboid (inverted: false): /home/jaidaken/optizomb/build-41/vanilla-game-41/projectzomboid
INFO:  Scanning classes from Project Zomboid (inverted: true): /home/jaidaken/optizomb/build-41/vanilla-game-41/projectzomboid
INFO:  Loading Class: java/lang/invoke/MethodHandles$Lookup from module java.base@17.0.1
INFO:  Loading Class: java/lang/invoke/MethodHandles from module java.base@17.0.1
INFO:  Loading Class: java/awt/RenderingHints$Key from module java.desktop@17.0.1
INFO:  Loading Class: java/awt/RenderingHints from module java.desktop@17.0.1
INFO:  Preprocessing class zombie/core/raknet/RakNetPeerInterface
INFO:  Preprocessing class zombie/core/raknet/FMODTest
INFO:  Preprocessing class zombie/core/raknet/TestClient
INFO:  Preprocessing class zombie/core/raknet/VoiceTest
INFO:  Preprocessing class zombie/core/raknet/UdpConnection
INFO:      Loading Class: java/lang/Object from module java.base@17.0.1
INFO:  Preprocessing class zombie/core/raknet/RakVoice
INFO:  Preprocessing class zombie/core/raknet/TestServer
INFO:      Loading Class: java/lang/Thread from module java.base@17.0.1
INFO:      Loading Class: java/lang/Enum from module java.base@17.0.1
INFO:  Preprocessing class zombie/core/raknet/UdpEngine
INFO:      Loading Class: java/lang/constant/Constable from module java.base@17.0.1
INFO:      Loading Class: java/lang/Comparable from module java.base@17.0.1
INFO:  Preprocessing class zombie/core/raknet/VoiceManagerData
INFO:      Loading Class: java/io/Serializable from module java.base@17.0.1
INFO:  Preprocessing class zombie/core/raknet/VoiceDebug
INFO:      Loading Class: java/lang/Runnable from module java.base@17.0.1
INFO:      Loading Class: javax/swing/JPanel from module java.desktop@17.0.1
INFO:  Preprocessing class zombie/core/raknet/VoiceManager
INFO:      Loading Class: javax/swing/JComponent from module java.desktop@17.0.1
INFO:      Loading Class: java/awt/Container from module java.desktop@17.0.1
INFO:      Loading Class: java/awt/Component from module java.desktop@17.0.1
INFO:      Loading Class: javax/accessibility/Accessible from module java.desktop@17.0.1
INFO:      Loading Class: javax/swing/TransferHandler$HasGetTransferHandler from module java.desktop@17.0.1
INFO:      Loading Class: java/awt/image/ImageObserver from module java.desktop@17.0.1
INFO:      Loading Class: java/awt/MenuContainer from module java.desktop@17.0.1
INFO:              Loading Class: java/util/ArrayList from module java.base@17.0.1
INFO:              Loading Class: java/util/concurrent/locks/ReentrantLock from module java.base@17.0.1
INFO:              Loading Class: java/util/List from module java.base@17.0.1
INFO:              Loading Class: java/lang/Long from module java.base@17.0.1
INFO:  ... done
INFO:  ... done
INFO:              Loading Class: java/nio/ByteBuffer from module java.base@17.0.1
INFO:              Loading Class: java/lang/String from module java.base@17.0.1
INFO:              Loading Class: java/util/ArrayDeque from module java.base@17.0.1
INFO:              Loading Class: java/lang/System from module java.base@17.0.1
INFO:              Loading Class: java/util/HashMap from module java.base@17.0.1
INFO:              Loading Class: java/nio/Buffer from module java.base@17.0.1
INFO:  ... done
INFO:              Loading Class: java/util/concurrent/Semaphore from module java.base@17.0.1
INFO:  ... done
INFO:              Loading Class: java/awt/Graphics from module java.desktop@17.0.1
INFO:              Loading Class: java/lang/Integer from module java.base@17.0.1
INFO:              Loading Class: java/awt/Graphics2D from module java.desktop@17.0.1
INFO:              Loading Class: java/awt/Point from module java.desktop@17.0.1
INFO:              Loading Class: java/awt/geom/Point2D from module java.desktop@17.0.1
INFO:              Loading Class: java/lang/Cloneable from module java.base@17.0.1
INFO:  ... done
INFO:              Loading Class: java/util/Calendar from module java.base@17.0.1
INFO:  ... done
INFO:              Loading Class: javax/swing/JFrame from module java.desktop@17.0.1
INFO:  ... done
INFO:              Loading Class: java/util/Iterator from module java.base@17.0.1
INFO:              Loading Class: java/util/Map from module java.base@17.0.1
INFO:              Loading Class: java/lang/Number from module java.base@17.0.1
INFO:              Loading Class: java/awt/Color from module java.desktop@17.0.1
INFO:              Loading Class: java/awt/Paint from module java.desktop@17.0.1
INFO:              Loading Class: java/awt/Transparency from module java.desktop@17.0.1
INFO:              Loading Class: java/awt/BasicStroke from module java.desktop@17.0.1
INFO:  ... done
INFO:              Loading Class: java/net/InetAddress from module java.base@17.0.1
INFO:  ... done
INFO:  ... done
INFO:              Loading Class: java/lang/Math from module java.base@17.0.1
INFO:  ... done
INFO:  Decompiling class zombie/core/raknet/TestClient
INFO:  Decompiling class zombie/core/raknet/FMODTest
INFO:  Decompiling class zombie/core/raknet/RakNetPeerInterface
INFO:  Decompiling class zombie/core/raknet/VoiceTest
INFO:  Decompiling class zombie/core/raknet/UdpConnection
INFO:  Decompiling class zombie/core/raknet/RakVoice
INFO:  Decompiling class zombie/core/raknet/TestServer
INFO:  Decompiling class zombie/core/raknet/UdpEngine
INFO:  Decompiling class zombie/core/raknet/VoiceManagerData
INFO:  Decompiling class zombie/core/raknet/VoiceDebug
INFO:  Decompiling class zombie/core/raknet/VoiceManager
INFO:          Loading Class: java/io/PrintStream from module java.base@17.0.1
INFO:          Loading Class: java/util/Deque from module java.base@17.0.1
INFO:          Loading Class: java/util/Queue from module java.base@17.0.1
INFO:          Loading Class: java/util/Collection from module java.base@17.0.1
INFO:          Loading Class: java/util/AbstractMap from module java.base@17.0.1
INFO:          Loading Class: java/lang/InterruptedException from module java.base@17.0.1
INFO:          Loading Class: java/lang/Exception from module java.base@17.0.1
INFO:          Loading Class: java/lang/Throwable from module java.base@17.0.1
WARN:          Usage of TextBuffer.toString
INFO:  ... done
INFO:          Loading Class: java/lang/Iterable from module java.base@17.0.1
INFO:          Loading Class: java/util/RandomAccess from module java.base@17.0.1
INFO:          Loading Class: java/util/AbstractList from module java.base@17.0.1
INFO:          Loading Class: java/util/concurrent/locks/Lock from module java.base@17.0.1
INFO:          Loading Class: java/util/AbstractCollection from module java.base@17.0.1
INFO:  ... done
INFO:          Loading Class: java/net/ConnectException from module java.base@17.0.1
INFO:  ... done
INFO:  ... done
INFO:  ... done
INFO:  ... done
WARN:          Usage of TextBuffer.toString
INFO:          Loading Class: java/awt/Dimension from module java.desktop@17.0.1
INFO:  ... done
WARN:          Usage of TextBuffer.toString
WARN:          Usage of TextBuffer.toString
WARN:          Usage of TextBuffer.toString
INFO:          Loading Class: java/awt/GridLayout from module java.desktop@17.0.1
INFO:          Loading Class: java/awt/Frame from module java.desktop@17.0.1
INFO:          Loading Class: java/awt/Window from module java.desktop@17.0.1
INFO:          Loading Class: javax/swing/WindowConstants from module java.desktop@17.0.1
INFO:          Loading Class: javax/swing/RootPaneContainer from module java.desktop@17.0.1
WARN:          Usage of TextBuffer.toString
WARN:          Usage of TextBuffer.toString
INFO:          Loading Class: java/net/InetSocketAddress from module java.base@17.0.1
INFO:  ... done
WARN:          Usage of TextBuffer.toString
WARN:          Usage of TextBuffer.toString
INFO:          Loading Class: java/lang/NumberFormatException from module java.base@17.0.1
INFO:          Loading Class: java/lang/IllegalArgumentException from module java.base@17.0.1
INFO:          Loading Class: java/lang/RuntimeException from module java.base@17.0.1
INFO:          Loading Class: java/net/UnknownHostException from module java.base@17.0.1
INFO:          Loading Class: java/io/IOException from module java.base@17.0.1
WARN:          Usage of TextBuffer.toString
INFO:          Loading Class: java/util/stream/Stream from module java.base@17.0.1
INFO:          Loading Class: java/util/Arrays from module java.base@17.0.1
WARN:          Usage of TextBuffer.toString
INFO:          Loading Class: java/util/Objects from module java.base@17.0.1
INFO:          Loading Class: java/util/function/Predicate from module java.base@17.0.1
WARN:          Usage of TextBuffer.toString
WARN:          Usage of TextBuffer.toString
INFO:  ... done
INFO:  ... done
INFO:          Loading Class: java/lang/Boolean from module java.base@17.0.1
INFO:          Loading Class: java/lang/Float from module java.base@17.0.1
WARN:          Usage of TextBuffer.toString
WARN:          Usage of TextBuffer.toString
WARN:          Usage of TextBuffer.toString
WARN:          Usage of TextBuffer.toString
WARN:          Usage of TextBuffer.toString
WARN:          Usage of TextBuffer.toString
INFO:  ... done
